<?xml version="1.0" encoding="UTF-8"?>
<testsuite xmlns:xsi="http://www.w3.org/2001/XMLSchema-instance" xsi:noNamespaceSchemaLocation="https://maven.apache.org/surefire/maven-surefire-plugin/xsd/surefire-test-report.xsd" name="com.xuecheng.test.freemarker.FreemarkerTest" time="11.684" tests="2" errors="0" skipped="0" failures="0">
  <properties>
[...]
</properties>
  <testcase name="testGenerateHtml" classname="com.xuecheng.test.freemarker.FreemarkerTest" time="1.159"/>
  <testcase name="testGenerateHtmlByString" classname="com.xuecheng.test.freemarker.FreemarkerTest" time="0.006"/>
</testsuite>